

Processing MainController#index (for 127.0.0.1 at 2008-10-24 07:50:51) [GET]
  Session ID: 5f11a8f458563c42b680843f0aafcd0e
  Parameters: {"action"=>"index", "controller"=>"main"}


Processing MainController#index (for 127.0.0.1 at 2008-10-24 07:50:52) [GET]
  Session ID: 5f11a8f458563c42b680843f0aafcd0e
  Parameters: {"action"=>"index", "controller"=>"main"}


MissingSourceFile (no such file to load -- sqlite3):
    D:/ruby/lib/ruby/site_ruby/1.8/rubygems/custom_require.rb:27:in `gem_original_require'
    D:/ruby/lib/ruby/site_ruby/1.8/rubygems/custom_require.rb:27:in `require'
    D:/ruby/lib/ruby/gems/1.8/gems/activesupport-2.1.1/lib/active_support/dependencies.rb:510:in `require'
    D:/ruby/lib/ruby/gems/1.8/gems/activesupport-2.1.1/lib/active_support/dependencies.rb:355:in `new_constants_in'
    D:/ruby/lib/ruby/gems/1.8/gems/activesupport-2.1.1/lib/active_support/dependencies.rb:510:in `require'
    D:/ruby/lib/ruby/gems/1.8/gems/activesupport-2.1.1/lib/active_support/core_ext/kernel/requires.rb:7:in `require_library_or_gem'
    D:/ruby/lib/ruby/gems/1.8/gems/activesupport-2.1.1/lib/active_support/core_ext/kernel/reporting.rb:11:in `silence_warnings'
    D:/ruby/lib/ruby/gems/1.8/gems/activesupport-2.1.1/lib/active_support/core_ext/kernel/requires.rb:5:in `require_library_or_gem'
    D:/ruby/lib/ruby/gems/1.8/gems/activerecord-2.1.1/lib/active_record/connection_adapters/sqlite3_adapter.rb:10:in `sqlite3_connection'
    D:/ruby/lib/ruby/gems/1.8/gems/activerecord-2.1.1/lib/active_record/connection_adapters/abstract/connection_specification.rb:292:in `send'
    D:/ruby/lib/ruby/gems/1.8/gems/activerecord-2.1.1/lib/active_record/connection_adapters/abstract/connection_specification.rb:292:in `connection='
    D:/ruby/lib/ruby/gems/1.8/gems/activerecord-2.1.1/lib/active_record/connection_adapters/abstract/connection_specification.rb:260:in `retrieve_connection'
    D:/ruby/lib/ruby/gems/1.8/gems/activerecord-2.1.1/lib/active_record/connection_adapters/abstract/connection_specification.rb:78:in `connection'
    D:/ruby/lib/ruby/gems/1.8/gems/activerecord-2.1.1/lib/active_record/query_cache.rb:8:in `cache'
    D:/ruby/lib/ruby/gems/1.8/gems/actionpack-2.1.1/lib/action_controller/caching/sql_cache.rb:12:in `perform_action'
    D:/ruby/lib/ruby/gems/1.8/gems/actionpack-2.1.1/lib/action_controller/base.rb:529:in `send'
    D:/ruby/lib/ruby/gems/1.8/gems/actionpack-2.1.1/lib/action_controller/base.rb:529:in `process_without_filters'
    D:/ruby/lib/ruby/gems/1.8/gems/actionpack-2.1.1/lib/action_controller/filters.rb:568:in `process_without_session_management_support'
    D:/ruby/lib/ruby/gems/1.8/gems/actionpack-2.1.1/lib/action_controller/session_management.rb:130:in `process'
    D:/ruby/lib/ruby/gems/1.8/gems/actionpack-2.1.1/lib/action_controller/base.rb:389:in `process'
    D:/ruby/lib/ruby/gems/1.8/gems/actionpack-2.1.1/lib/action_controller/dispatcher.rb:149:in `handle_request'
    D:/ruby/lib/ruby/gems/1.8/gems/actionpack-2.1.1/lib/action_controller/dispatcher.rb:107:in `dispatch'
    D:/ruby/lib/ruby/1.8/thread.rb:135:in `synchronize'
    D:/ruby/lib/ruby/gems/1.8/gems/actionpack-2.1.1/lib/action_controller/dispatcher.rb:104:in `dispatch'
    D:/ruby/lib/ruby/gems/1.8/gems/actionpack-2.1.1/lib/action_controller/dispatcher.rb:120:in `dispatch_cgi'
    D:/ruby/lib/ruby/gems/1.8/gems/actionpack-2.1.1/lib/action_controller/dispatcher.rb:35:in `dispatch'
    D:/ruby/lib/ruby/gems/1.8/gems/rails-2.1.1/lib/webrick_server.rb:112:in `handle_dispatch'
    D:/ruby/lib/ruby/gems/1.8/gems/rails-2.1.1/lib/webrick_server.rb:78:in `service'
    D:/ruby/lib/ruby/1.8/webrick/httpserver.rb:104:in `service'
    D:/ruby/lib/ruby/1.8/webrick/httpserver.rb:65:in `run'
    D:/ruby/lib/ruby/1.8/webrick/server.rb:173:in `start_thread'
    D:/ruby/lib/ruby/1.8/webrick/server.rb:162:in `start'
    D:/ruby/lib/ruby/1.8/webrick/server.rb:162:in `start_thread'
    D:/ruby/lib/ruby/1.8/webrick/server.rb:95:in `start'
    D:/ruby/lib/ruby/1.8/webrick/server.rb:92:in `each'
    D:/ruby/lib/ruby/1.8/webrick/server.rb:92:in `start'
    D:/ruby/lib/ruby/1.8/webrick/server.rb:23:in `start'
    D:/ruby/lib/ruby/1.8/webrick/server.rb:82:in `start'
    D:/ruby/lib/ruby/gems/1.8/gems/rails-2.1.1/lib/webrick_server.rb:62:in `dispatch'
    D:/ruby/lib/ruby/gems/1.8/gems/rails-2.1.1/lib/commands/servers/webrick.rb:66
    D:/ruby/lib/ruby/site_ruby/1.8/rubygems/custom_require.rb:27:in `gem_original_require'
    D:/ruby/lib/ruby/site_ruby/1.8/rubygems/custom_require.rb:27:in `require'
    D:/ruby/lib/ruby/gems/1.8/gems/activesupport-2.1.1/lib/active_support/dependencies.rb:510:in `require'
    D:/ruby/lib/ruby/gems/1.8/gems/activesupport-2.1.1/lib/active_support/dependencies.rb:355:in `new_constants_in'
    D:/ruby/lib/ruby/gems/1.8/gems/activesupport-2.1.1/lib/active_support/dependencies.rb:510:in `require'
    D:/ruby/lib/ruby/gems/1.8/gems/rails-2.1.1/lib/commands/server.rb:39
    D:/ruby/lib/ruby/site_ruby/1.8/rubygems/custom_require.rb:27:in `gem_original_require'
    D:/ruby/lib/ruby/site_ruby/1.8/rubygems/custom_require.rb:27:in `require'
    script/server:3

Rendering D:/ruby/lib/ruby/gems/1.8/gems/actionpack-2.1.1/lib/action_controller/templates/rescues/layout.erb (internal_server_error)


Processing MainController#index (for 127.0.0.1 at 2008-10-24 07:54:27) [GET]
  Session ID: BAh7BiIKZmxhc2hJQzonQWN0aW9uQ29udHJvbGxlcjo6Rmxhc2g6OkZsYXNo
SGFzaHsABjoKQHVzZWR7AA==--e7b86bc7ab6ec378516e468c0073b192ba616939
  Parameters: {"action"=>"index", "controller"=>"main"}


Processing MainController#index (for 127.0.0.1 at 2008-10-24 07:54:27) [GET]
  Session ID: BAh7BiIKZmxhc2hJQzonQWN0aW9uQ29udHJvbGxlcjo6Rmxhc2g6OkZsYXNo
SGFzaHsABjoKQHVzZWR7AA==--e7b86bc7ab6ec378516e468c0073b192ba616939
  Parameters: {"action"=>"index", "controller"=>"main"}


MissingSourceFile (no such file to load -- sqlite3):
    D:/ruby/lib/ruby/site_ruby/1.8/rubygems/custom_require.rb:27:in `gem_original_require'
    D:/ruby/lib/ruby/site_ruby/1.8/rubygems/custom_require.rb:27:in `require'
    D:/ruby/lib/ruby/gems/1.8/gems/activesupport-2.1.1/lib/active_support/dependencies.rb:510:in `require'
    D:/ruby/lib/ruby/gems/1.8/gems/activesupport-2.1.1/lib/active_support/dependencies.rb:355:in `new_constants_in'
    D:/ruby/lib/ruby/gems/1.8/gems/activesupport-2.1.1/lib/active_support/dependencies.rb:510:in `require'
    D:/ruby/lib/ruby/gems/1.8/gems/activesupport-2.1.1/lib/active_support/core_ext/kernel/requires.rb:7:in `require_library_or_gem'
    D:/ruby/lib/ruby/gems/1.8/gems/activesupport-2.1.1/lib/active_support/core_ext/kernel/reporting.rb:11:in `silence_warnings'
    D:/ruby/lib/ruby/gems/1.8/gems/activesupport-2.1.1/lib/active_support/core_ext/kernel/requires.rb:5:in `require_library_or_gem'
    D:/ruby/lib/ruby/gems/1.8/gems/activerecord-2.1.1/lib/active_record/connection_adapters/sqlite3_adapter.rb:10:in `sqlite3_connection'
    D:/ruby/lib/ruby/gems/1.8/gems/activerecord-2.1.1/lib/active_record/connection_adapters/abstract/connection_specification.rb:292:in `send'
    D:/ruby/lib/ruby/gems/1.8/gems/activerecord-2.1.1/lib/active_record/connection_adapters/abstract/connection_specification.rb:292:in `connection='
    D:/ruby/lib/ruby/gems/1.8/gems/activerecord-2.1.1/lib/active_record/connection_adapters/abstract/connection_specification.rb:260:in `retrieve_connection'
    D:/ruby/lib/ruby/gems/1.8/gems/activerecord-2.1.1/lib/active_record/connection_adapters/abstract/connection_specification.rb:78:in `connection'
    D:/ruby/lib/ruby/gems/1.8/gems/activerecord-2.1.1/lib/active_record/query_cache.rb:8:in `cache'
    D:/ruby/lib/ruby/gems/1.8/gems/actionpack-2.1.1/lib/action_controller/caching/sql_cache.rb:12:in `perform_action'
    D:/ruby/lib/ruby/gems/1.8/gems/actionpack-2.1.1/lib/action_controller/base.rb:529:in `send'
    D:/ruby/lib/ruby/gems/1.8/gems/actionpack-2.1.1/lib/action_controller/base.rb:529:in `process_without_filters'
    D:/ruby/lib/ruby/gems/1.8/gems/actionpack-2.1.1/lib/action_controller/filters.rb:568:in `process_without_session_management_support'
    D:/ruby/lib/ruby/gems/1.8/gems/actionpack-2.1.1/lib/action_controller/session_management.rb:130:in `process'
    D:/ruby/lib/ruby/gems/1.8/gems/actionpack-2.1.1/lib/action_controller/base.rb:389:in `process'
    D:/ruby/lib/ruby/gems/1.8/gems/actionpack-2.1.1/lib/action_controller/dispatcher.rb:149:in `handle_request'
    D:/ruby/lib/ruby/gems/1.8/gems/actionpack-2.1.1/lib/action_controller/dispatcher.rb:107:in `dispatch'
    D:/ruby/lib/ruby/1.8/thread.rb:135:in `synchronize'
    D:/ruby/lib/ruby/gems/1.8/gems/actionpack-2.1.1/lib/action_controller/dispatcher.rb:104:in `dispatch'
    D:/ruby/lib/ruby/gems/1.8/gems/actionpack-2.1.1/lib/action_controller/dispatcher.rb:120:in `dispatch_cgi'
    D:/ruby/lib/ruby/gems/1.8/gems/actionpack-2.1.1/lib/action_controller/dispatcher.rb:35:in `dispatch'
    D:/ruby/lib/ruby/gems/1.8/gems/rails-2.1.1/lib/webrick_server.rb:112:in `handle_dispatch'
    D:/ruby/lib/ruby/gems/1.8/gems/rails-2.1.1/lib/webrick_server.rb:78:in `service'
    D:/ruby/lib/ruby/1.8/webrick/httpserver.rb:104:in `service'
    D:/ruby/lib/ruby/1.8/webrick/httpserver.rb:65:in `run'
    D:/ruby/lib/ruby/1.8/webrick/server.rb:173:in `start_thread'
    D:/ruby/lib/ruby/1.8/webrick/server.rb:162:in `start'
    D:/ruby/lib/ruby/1.8/webrick/server.rb:162:in `start_thread'
    D:/ruby/lib/ruby/1.8/webrick/server.rb:95:in `start'
    D:/ruby/lib/ruby/1.8/webrick/server.rb:92:in `each'
    D:/ruby/lib/ruby/1.8/webrick/server.rb:92:in `start'
    D:/ruby/lib/ruby/1.8/webrick/server.rb:23:in `start'
    D:/ruby/lib/ruby/1.8/webrick/server.rb:82:in `start'
    D:/ruby/lib/ruby/gems/1.8/gems/rails-2.1.1/lib/webrick_server.rb:62:in `dispatch'
    D:/ruby/lib/ruby/gems/1.8/gems/rails-2.1.1/lib/commands/servers/webrick.rb:66
    D:/ruby/lib/ruby/site_ruby/1.8/rubygems/custom_require.rb:27:in `gem_original_require'
    D:/ruby/lib/ruby/site_ruby/1.8/rubygems/custom_require.rb:27:in `require'
    D:/ruby/lib/ruby/gems/1.8/gems/activesupport-2.1.1/lib/active_support/dependencies.rb:510:in `require'
    D:/ruby/lib/ruby/gems/1.8/gems/activesupport-2.1.1/lib/active_support/dependencies.rb:355:in `new_constants_in'
    D:/ruby/lib/ruby/gems/1.8/gems/activesupport-2.1.1/lib/active_support/dependencies.rb:510:in `require'
    D:/ruby/lib/ruby/gems/1.8/gems/rails-2.1.1/lib/commands/server.rb:39
    D:/ruby/lib/ruby/site_ruby/1.8/rubygems/custom_require.rb:27:in `gem_original_require'
    D:/ruby/lib/ruby/site_ruby/1.8/rubygems/custom_require.rb:27:in `require'
    script/server:3

Rendering D:/ruby/lib/ruby/gems/1.8/gems/actionpack-2.1.1/lib/action_controller/templates/rescues/layout.erb (internal_server_error)


Processing MainController#index (for 127.0.0.1 at 2008-10-24 07:55:03) [GET]
  Session ID: BAh7BiIKZmxhc2hJQzonQWN0aW9uQ29udHJvbGxlcjo6Rmxhc2g6OkZsYXNo
SGFzaHsABjoKQHVzZWR7AA==--e7b86bc7ab6ec378516e468c0073b192ba616939
  Parameters: {"action"=>"index", "controller"=>"main"}


Processing MainController#index (for 127.0.0.1 at 2008-10-24 07:55:04) [GET]
  Session ID: BAh7BiIKZmxhc2hJQzonQWN0aW9uQ29udHJvbGxlcjo6Rmxhc2g6OkZsYXNo
SGFzaHsABjoKQHVzZWR7AA==--e7b86bc7ab6ec378516e468c0073b192ba616939
  Parameters: {"action"=>"index", "controller"=>"main"}


MissingSourceFile (no such file to load -- sqlite3):
    D:/ruby/lib/ruby/site_ruby/1.8/rubygems/custom_require.rb:27:in `gem_original_require'
    D:/ruby/lib/ruby/site_ruby/1.8/rubygems/custom_require.rb:27:in `require'
    D:/ruby/lib/ruby/gems/1.8/gems/activesupport-2.1.1/lib/active_support/dependencies.rb:510:in `require'
    D:/ruby/lib/ruby/gems/1.8/gems/activesupport-2.1.1/lib/active_support/dependencies.rb:355:in `new_constants_in'
    D:/ruby/lib/ruby/gems/1.8/gems/activesupport-2.1.1/lib/active_support/dependencies.rb:510:in `require'
    D:/ruby/lib/ruby/gems/1.8/gems/activesupport-2.1.1/lib/active_support/core_ext/kernel/requires.rb:7:in `require_library_or_gem'
    D:/ruby/lib/ruby/gems/1.8/gems/activesupport-2.1.1/lib/active_support/core_ext/kernel/reporting.rb:11:in `silence_warnings'
    D:/ruby/lib/ruby/gems/1.8/gems/activesupport-2.1.1/lib/active_support/core_ext/kernel/requires.rb:5:in `require_library_or_gem'
    D:/ruby/lib/ruby/gems/1.8/gems/activerecord-2.1.1/lib/active_record/connection_adapters/sqlite3_adapter.rb:10:in `sqlite3_connection'
    D:/ruby/lib/ruby/gems/1.8/gems/activerecord-2.1.1/lib/active_record/connection_adapters/abstract/connection_specification.rb:292:in `send'
    D:/ruby/lib/ruby/gems/1.8/gems/activerecord-2.1.1/lib/active_record/connection_adapters/abstract/connection_specification.rb:292:in `connection='
    D:/ruby/lib/ruby/gems/1.8/gems/activerecord-2.1.1/lib/active_record/connection_adapters/abstract/connection_specification.rb:260:in `retrieve_connection'
    D:/ruby/lib/ruby/gems/1.8/gems/activerecord-2.1.1/lib/active_record/connection_adapters/abstract/connection_specification.rb:78:in `connection'
    D:/ruby/lib/ruby/gems/1.8/gems/activerecord-2.1.1/lib/active_record/query_cache.rb:8:in `cache'
    D:/ruby/lib/ruby/gems/1.8/gems/actionpack-2.1.1/lib/action_controller/caching/sql_cache.rb:12:in `perform_action'
    D:/ruby/lib/ruby/gems/1.8/gems/actionpack-2.1.1/lib/action_controller/base.rb:529:in `send'
    D:/ruby/lib/ruby/gems/1.8/gems/actionpack-2.1.1/lib/action_controller/base.rb:529:in `process_without_filters'
    D:/ruby/lib/ruby/gems/1.8/gems/actionpack-2.1.1/lib/action_controller/filters.rb:568:in `process_without_session_management_support'
    D:/ruby/lib/ruby/gems/1.8/gems/actionpack-2.1.1/lib/action_controller/session_management.rb:130:in `process'
    D:/ruby/lib/ruby/gems/1.8/gems/actionpack-2.1.1/lib/action_controller/base.rb:389:in `process'
    D:/ruby/lib/ruby/gems/1.8/gems/actionpack-2.1.1/lib/action_controller/dispatcher.rb:149:in `handle_request'
    D:/ruby/lib/ruby/gems/1.8/gems/actionpack-2.1.1/lib/action_controller/dispatcher.rb:107:in `dispatch'
    D:/ruby/lib/ruby/1.8/thread.rb:135:in `synchronize'
    D:/ruby/lib/ruby/gems/1.8/gems/actionpack-2.1.1/lib/action_controller/dispatcher.rb:104:in `dispatch'
    D:/ruby/lib/ruby/gems/1.8/gems/actionpack-2.1.1/lib/action_controller/dispatcher.rb:120:in `dispatch_cgi'
    D:/ruby/lib/ruby/gems/1.8/gems/actionpack-2.1.1/lib/action_controller/dispatcher.rb:35:in `dispatch'
    D:/ruby/lib/ruby/gems/1.8/gems/rails-2.1.1/lib/webrick_server.rb:112:in `handle_dispatch'
    D:/ruby/lib/ruby/gems/1.8/gems/rails-2.1.1/lib/webrick_server.rb:78:in `service'
    D:/ruby/lib/ruby/1.8/webrick/httpserver.rb:104:in `service'
    D:/ruby/lib/ruby/1.8/webrick/httpserver.rb:65:in `run'
    D:/ruby/lib/ruby/1.8/webrick/server.rb:173:in `start_thread'
    D:/ruby/lib/ruby/1.8/webrick/server.rb:162:in `start'
    D:/ruby/lib/ruby/1.8/webrick/server.rb:162:in `start_thread'
    D:/ruby/lib/ruby/1.8/webrick/server.rb:95:in `start'
    D:/ruby/lib/ruby/1.8/webrick/server.rb:92:in `each'
    D:/ruby/lib/ruby/1.8/webrick/server.rb:92:in `start'
    D:/ruby/lib/ruby/1.8/webrick/server.rb:23:in `start'
    D:/ruby/lib/ruby/1.8/webrick/server.rb:82:in `start'
    D:/ruby/lib/ruby/gems/1.8/gems/rails-2.1.1/lib/webrick_server.rb:62:in `dispatch'
    D:/ruby/lib/ruby/gems/1.8/gems/rails-2.1.1/lib/commands/servers/webrick.rb:66
    D:/ruby/lib/ruby/site_ruby/1.8/rubygems/custom_require.rb:27:in `gem_original_require'
    D:/ruby/lib/ruby/site_ruby/1.8/rubygems/custom_require.rb:27:in `require'
    D:/ruby/lib/ruby/gems/1.8/gems/activesupport-2.1.1/lib/active_support/dependencies.rb:510:in `require'
    D:/ruby/lib/ruby/gems/1.8/gems/activesupport-2.1.1/lib/active_support/dependencies.rb:355:in `new_constants_in'
    D:/ruby/lib/ruby/gems/1.8/gems/activesupport-2.1.1/lib/active_support/dependencies.rb:510:in `require'
    D:/ruby/lib/ruby/gems/1.8/gems/rails-2.1.1/lib/commands/server.rb:39
    D:/ruby/lib/ruby/site_ruby/1.8/rubygems/custom_require.rb:27:in `gem_original_require'
    D:/ruby/lib/ruby/site_ruby/1.8/rubygems/custom_require.rb:27:in `require'
    script/server:3

Rendering D:/ruby/lib/ruby/gems/1.8/gems/actionpack-2.1.1/lib/action_controller/templates/rescues/layout.erb (internal_server_error)


Processing MainController#index (for 127.0.0.1 at 2008-10-24 07:55:28) [GET]
  Session ID: BAh7BiIKZmxhc2hJQzonQWN0aW9uQ29udHJvbGxlcjo6Rmxhc2g6OkZsYXNo
SGFzaHsABjoKQHVzZWR7AA==--e7b86bc7ab6ec378516e468c0073b192ba616939
  Parameters: {"action"=>"index", "controller"=>"main"}


Processing MainController#index (for 127.0.0.1 at 2008-10-24 07:55:28) [GET]
  Session ID: BAh7BiIKZmxhc2hJQzonQWN0aW9uQ29udHJvbGxlcjo6Rmxhc2g6OkZsYXNo
SGFzaHsABjoKQHVzZWR7AA==--e7b86bc7ab6ec378516e468c0073b192ba616939
  Parameters: {"action"=>"index", "controller"=>"main"}


MissingSourceFile (no such file to load -- sqlite3):
    D:/ruby/lib/ruby/site_ruby/1.8/rubygems/custom_require.rb:27:in `gem_original_require'
    D:/ruby/lib/ruby/site_ruby/1.8/rubygems/custom_require.rb:27:in `require'
    D:/ruby/lib/ruby/gems/1.8/gems/activesupport-2.1.1/lib/active_support/dependencies.rb:510:in `require'
    D:/ruby/lib/ruby/gems/1.8/gems/activesupport-2.1.1/lib/active_support/dependencies.rb:355:in `new_constants_in'
    D:/ruby/lib/ruby/gems/1.8/gems/activesupport-2.1.1/lib/active_support/dependencies.rb:510:in `require'
    D:/ruby/lib/ruby/gems/1.8/gems/activesupport-2.1.1/lib/active_support/core_ext/kernel/requires.rb:7:in `require_library_or_gem'
    D:/ruby/lib/ruby/gems/1.8/gems/activesupport-2.1.1/lib/active_support/core_ext/kernel/reporting.rb:11:in `silence_warnings'
    D:/ruby/lib/ruby/gems/1.8/gems/activesupport-2.1.1/lib/active_support/core_ext/kernel/requires.rb:5:in `require_library_or_gem'
    D:/ruby/lib/ruby/gems/1.8/gems/activerecord-2.1.1/lib/active_record/connection_adapters/sqlite3_adapter.rb:10:in `sqlite3_connection'
    D:/ruby/lib/ruby/gems/1.8/gems/activerecord-2.1.1/lib/active_record/connection_adapters/abstract/connection_specification.rb:292:in `send'
    D:/ruby/lib/ruby/gems/1.8/gems/activerecord-2.1.1/lib/active_record/connection_adapters/abstract/connection_specification.rb:292:in `connection='
    D:/ruby/lib/ruby/gems/1.8/gems/activerecord-2.1.1/lib/active_record/connection_adapters/abstract/connection_specification.rb:260:in `retrieve_connection'
    D:/ruby/lib/ruby/gems/1.8/gems/activerecord-2.1.1/lib/active_record/connection_adapters/abstract/connection_specification.rb:78:in `connection'
    D:/ruby/lib/ruby/gems/1.8/gems/activerecord-2.1.1/lib/active_record/query_cache.rb:8:in `cache'
    D:/ruby/lib/ruby/gems/1.8/gems/actionpack-2.1.1/lib/action_controller/caching/sql_cache.rb:12:in `perform_action'
    D:/ruby/lib/ruby/gems/1.8/gems/actionpack-2.1.1/lib/action_controller/base.rb:529:in `send'
    D:/ruby/lib/ruby/gems/1.8/gems/actionpack-2.1.1/lib/action_controller/base.rb:529:in `process_without_filters'
    D:/ruby/lib/ruby/gems/1.8/gems/actionpack-2.1.1/lib/action_controller/filters.rb:568:in `process_without_session_management_support'
    D:/ruby/lib/ruby/gems/1.8/gems/actionpack-2.1.1/lib/action_controller/session_management.rb:130:in `process'
    D:/ruby/lib/ruby/gems/1.8/gems/actionpack-2.1.1/lib/action_controller/base.rb:389:in `process'
    D:/ruby/lib/ruby/gems/1.8/gems/actionpack-2.1.1/lib/action_controller/dispatcher.rb:149:in `handle_request'
    D:/ruby/lib/ruby/gems/1.8/gems/actionpack-2.1.1/lib/action_controller/dispatcher.rb:107:in `dispatch'
    D:/ruby/lib/ruby/1.8/thread.rb:135:in `synchronize'
    D:/ruby/lib/ruby/gems/1.8/gems/actionpack-2.1.1/lib/action_controller/dispatcher.rb:104:in `dispatch'
    D:/ruby/lib/ruby/gems/1.8/gems/actionpack-2.1.1/lib/action_controller/dispatcher.rb:120:in `dispatch_cgi'
    D:/ruby/lib/ruby/gems/1.8/gems/actionpack-2.1.1/lib/action_controller/dispatcher.rb:35:in `dispatch'
    D:/ruby/lib/ruby/gems/1.8/gems/rails-2.1.1/lib/webrick_server.rb:112:in `handle_dispatch'
    D:/ruby/lib/ruby/gems/1.8/gems/rails-2.1.1/lib/webrick_server.rb:78:in `service'
    D:/ruby/lib/ruby/1.8/webrick/httpserver.rb:104:in `service'
    D:/ruby/lib/ruby/1.8/webrick/httpserver.rb:65:in `run'
    D:/ruby/lib/ruby/1.8/webrick/server.rb:173:in `start_thread'
    D:/ruby/lib/ruby/1.8/webrick/server.rb:162:in `start'
    D:/ruby/lib/ruby/1.8/webrick/server.rb:162:in `start_thread'
    D:/ruby/lib/ruby/1.8/webrick/server.rb:95:in `start'
    D:/ruby/lib/ruby/1.8/webrick/server.rb:92:in `each'
    D:/ruby/lib/ruby/1.8/webrick/server.rb:92:in `start'
    D:/ruby/lib/ruby/1.8/webrick/server.rb:23:in `start'
    D:/ruby/lib/ruby/1.8/webrick/server.rb:82:in `start'
    D:/ruby/lib/ruby/gems/1.8/gems/rails-2.1.1/lib/webrick_server.rb:62:in `dispatch'
    D:/ruby/lib/ruby/gems/1.8/gems/rails-2.1.1/lib/commands/servers/webrick.rb:66
    D:/ruby/lib/ruby/site_ruby/1.8/rubygems/custom_require.rb:27:in `gem_original_require'
    D:/ruby/lib/ruby/site_ruby/1.8/rubygems/custom_require.rb:27:in `require'
    D:/ruby/lib/ruby/gems/1.8/gems/activesupport-2.1.1/lib/active_support/dependencies.rb:510:in `require'
    D:/ruby/lib/ruby/gems/1.8/gems/activesupport-2.1.1/lib/active_support/dependencies.rb:355:in `new_constants_in'
    D:/ruby/lib/ruby/gems/1.8/gems/activesupport-2.1.1/lib/active_support/dependencies.rb:510:in `require'
    D:/ruby/lib/ruby/gems/1.8/gems/rails-2.1.1/lib/commands/server.rb:39
    D:/ruby/lib/ruby/site_ruby/1.8/rubygems/custom_require.rb:27:in `gem_original_require'
    D:/ruby/lib/ruby/site_ruby/1.8/rubygems/custom_require.rb:27:in `require'
    script/server:3

Rendering D:/ruby/lib/ruby/gems/1.8/gems/actionpack-2.1.1/lib/action_controller/templates/rescues/layout.erb (internal_server_error)


Processing MainController#index (for 127.0.0.1 at 2008-10-24 07:56:42) [GET]
  Session ID: BAh7BiIKZmxhc2hJQzonQWN0aW9uQ29udHJvbGxlcjo6Rmxhc2g6OkZsYXNo
SGFzaHsABjoKQHVzZWR7AA==--e7b86bc7ab6ec378516e468c0073b192ba616939
  Parameters: {"action"=>"index", "controller"=>"main"}


Processing MainController#index (for 127.0.0.1 at 2008-10-24 07:56:44) [GET]
  Session ID: BAh7BiIKZmxhc2hJQzonQWN0aW9uQ29udHJvbGxlcjo6Rmxhc2g6OkZsYXNo
SGFzaHsABjoKQHVzZWR7AA==--e7b86bc7ab6ec378516e468c0073b192ba616939
  Parameters: {"action"=>"index", "controller"=>"main"}


MissingSourceFile (no such file to load -- sqlite3):
    D:/ruby/lib/ruby/site_ruby/1.8/rubygems/custom_require.rb:27:in `gem_original_require'
    D:/ruby/lib/ruby/site_ruby/1.8/rubygems/custom_require.rb:27:in `require'
    D:/ruby/lib/ruby/gems/1.8/gems/activesupport-2.1.1/lib/active_support/dependencies.rb:510:in `require'
    D:/ruby/lib/ruby/gems/1.8/gems/activesupport-2.1.1/lib/active_support/dependencies.rb:355:in `new_constants_in'
    D:/ruby/lib/ruby/gems/1.8/gems/activesupport-2.1.1/lib/active_support/dependencies.rb:510:in `require'
    D:/ruby/lib/ruby/gems/1.8/gems/activesupport-2.1.1/lib/active_support/core_ext/kernel/requires.rb:7:in `require_library_or_gem'
    D:/ruby/lib/ruby/gems/1.8/gems/activesupport-2.1.1/lib/active_support/core_ext/kernel/reporting.rb:11:in `silence_warnings'
    D:/ruby/lib/ruby/gems/1.8/gems/activesupport-2.1.1/lib/active_support/core_ext/kernel/requires.rb:5:in `require_library_or_gem'
    D:/ruby/lib/ruby/gems/1.8/gems/activerecord-2.1.1/lib/active_record/connection_adapters/sqlite3_adapter.rb:10:in `sqlite3_connection'
    D:/ruby/lib/ruby/gems/1.8/gems/activerecord-2.1.1/lib/active_record/connection_adapters/abstract/connection_specification.rb:292:in `send'
    D:/ruby/lib/ruby/gems/1.8/gems/activerecord-2.1.1/lib/active_record/connection_adapters/abstract/connection_specification.rb:292:in `connection='
    D:/ruby/lib/ruby/gems/1.8/gems/activerecord-2.1.1/lib/active_record/connection_adapters/abstract/connection_specification.rb:260:in `retrieve_connection'
    D:/ruby/lib/ruby/gems/1.8/gems/activerecord-2.1.1/lib/active_record/connection_adapters/abstract/connection_specification.rb:78:in `connection'
    D:/ruby/lib/ruby/gems/1.8/gems/activerecord-2.1.1/lib/active_record/query_cache.rb:8:in `cache'
    D:/ruby/lib/ruby/gems/1.8/gems/actionpack-2.1.1/lib/action_controller/caching/sql_cache.rb:12:in `perform_action'
    D:/ruby/lib/ruby/gems/1.8/gems/actionpack-2.1.1/lib/action_controller/base.rb:529:in `send'
    D:/ruby/lib/ruby/gems/1.8/gems/actionpack-2.1.1/lib/action_controller/base.rb:529:in `process_without_filters'
    D:/ruby/lib/ruby/gems/1.8/gems/actionpack-2.1.1/lib/action_controller/filters.rb:568:in `process_without_session_management_support'
    D:/ruby/lib/ruby/gems/1.8/gems/actionpack-2.1.1/lib/action_controller/session_management.rb:130:in `process'
    D:/ruby/lib/ruby/gems/1.8/gems/actionpack-2.1.1/lib/action_controller/base.rb:389:in `process'
    D:/ruby/lib/ruby/gems/1.8/gems/actionpack-2.1.1/lib/action_controller/dispatcher.rb:149:in `handle_request'
    D:/ruby/lib/ruby/gems/1.8/gems/actionpack-2.1.1/lib/action_controller/dispatcher.rb:107:in `dispatch'
    D:/ruby/lib/ruby/1.8/thread.rb:135:in `synchronize'
    D:/ruby/lib/ruby/gems/1.8/gems/actionpack-2.1.1/lib/action_controller/dispatcher.rb:104:in `dispatch'
    D:/ruby/lib/ruby/gems/1.8/gems/actionpack-2.1.1/lib/action_controller/dispatcher.rb:120:in `dispatch_cgi'
    D:/ruby/lib/ruby/gems/1.8/gems/actionpack-2.1.1/lib/action_controller/dispatcher.rb:35:in `dispatch'
    D:/ruby/lib/ruby/gems/1.8/gems/rails-2.1.1/lib/webrick_server.rb:112:in `handle_dispatch'
    D:/ruby/lib/ruby/gems/1.8/gems/rails-2.1.1/lib/webrick_server.rb:78:in `service'
    D:/ruby/lib/ruby/1.8/webrick/httpserver.rb:104:in `service'
    D:/ruby/lib/ruby/1.8/webrick/httpserver.rb:65:in `run'
    D:/ruby/lib/ruby/1.8/webrick/server.rb:173:in `start_thread'
    D:/ruby/lib/ruby/1.8/webrick/server.rb:162:in `start'
    D:/ruby/lib/ruby/1.8/webrick/server.rb:162:in `start_thread'
    D:/ruby/lib/ruby/1.8/webrick/server.rb:95:in `start'
    D:/ruby/lib/ruby/1.8/webrick/server.rb:92:in `each'
    D:/ruby/lib/ruby/1.8/webrick/server.rb:92:in `start'
    D:/ruby/lib/ruby/1.8/webrick/server.rb:23:in `start'
    D:/ruby/lib/ruby/1.8/webrick/server.rb:82:in `start'
    D:/ruby/lib/ruby/gems/1.8/gems/rails-2.1.1/lib/webrick_server.rb:62:in `dispatch'
    D:/ruby/lib/ruby/gems/1.8/gems/rails-2.1.1/lib/commands/servers/webrick.rb:66
    D:/ruby/lib/ruby/site_ruby/1.8/rubygems/custom_require.rb:27:in `gem_original_require'
    D:/ruby/lib/ruby/site_ruby/1.8/rubygems/custom_require.rb:27:in `require'
    D:/ruby/lib/ruby/gems/1.8/gems/activesupport-2.1.1/lib/active_support/dependencies.rb:510:in `require'
    D:/ruby/lib/ruby/gems/1.8/gems/activesupport-2.1.1/lib/active_support/dependencies.rb:355:in `new_constants_in'
    D:/ruby/lib/ruby/gems/1.8/gems/activesupport-2.1.1/lib/active_support/dependencies.rb:510:in `require'
    D:/ruby/lib/ruby/gems/1.8/gems/rails-2.1.1/lib/commands/server.rb:39
    D:/ruby/lib/ruby/site_ruby/1.8/rubygems/custom_require.rb:27:in `gem_original_require'
    D:/ruby/lib/ruby/site_ruby/1.8/rubygems/custom_require.rb:27:in `require'
    script/server:3

Rendering D:/ruby/lib/ruby/gems/1.8/gems/actionpack-2.1.1/lib/action_controller/templates/rescues/layout.erb (internal_server_error)


Processing MainController#index (for 127.0.0.1 at 2008-10-24 07:56:52) [GET]
  Session ID: BAh7BiIKZmxhc2hJQzonQWN0aW9uQ29udHJvbGxlcjo6Rmxhc2g6OkZsYXNo
SGFzaHsABjoKQHVzZWR7AA==--e7b86bc7ab6ec378516e468c0073b192ba616939
  Parameters: {"action"=>"index", "controller"=>"main"}


Processing MainController#index (for 127.0.0.1 at 2008-10-24 07:56:53) [GET]
  Session ID: BAh7BiIKZmxhc2hJQzonQWN0aW9uQ29udHJvbGxlcjo6Rmxhc2g6OkZsYXNo
SGFzaHsABjoKQHVzZWR7AA==--e7b86bc7ab6ec378516e468c0073b192ba616939
  Parameters: {"action"=>"index", "controller"=>"main"}


MissingSourceFile (no such file to load -- sqlite3):
    D:/ruby/lib/ruby/site_ruby/1.8/rubygems/custom_require.rb:27:in `gem_original_require'
    D:/ruby/lib/ruby/site_ruby/1.8/rubygems/custom_require.rb:27:in `require'
    D:/ruby/lib/ruby/gems/1.8/gems/activesupport-2.1.1/lib/active_support/dependencies.rb:510:in `require'
    D:/ruby/lib/ruby/gems/1.8/gems/activesupport-2.1.1/lib/active_support/dependencies.rb:355:in `new_constants_in'
    D:/ruby/lib/ruby/gems/1.8/gems/activesupport-2.1.1/lib/active_support/dependencies.rb:510:in `require'
    D:/ruby/lib/ruby/gems/1.8/gems/activesupport-2.1.1/lib/active_support/core_ext/kernel/requires.rb:7:in `require_library_or_gem'
    D:/ruby/lib/ruby/gems/1.8/gems/activesupport-2.1.1/lib/active_support/core_ext/kernel/reporting.rb:11:in `silence_warnings'
    D:/ruby/lib/ruby/gems/1.8/gems/activesupport-2.1.1/lib/active_support/core_ext/kernel/requires.rb:5:in `require_library_or_gem'
    D:/ruby/lib/ruby/gems/1.8/gems/activerecord-2.1.1/lib/active_record/connection_adapters/sqlite3_adapter.rb:10:in `sqlite3_connection'
    D:/ruby/lib/ruby/gems/1.8/gems/activerecord-2.1.1/lib/active_record/connection_adapters/abstract/connection_specification.rb:292:in `send'
    D:/ruby/lib/ruby/gems/1.8/gems/activerecord-2.1.1/lib/active_record/connection_adapters/abstract/connection_specification.rb:292:in `connection='
    D:/ruby/lib/ruby/gems/1.8/gems/activerecord-2.1.1/lib/active_record/connection_adapters/abstract/connection_specification.rb:260:in `retrieve_connection'
    D:/ruby/lib/ruby/gems/1.8/gems/activerecord-2.1.1/lib/active_record/connection_adapters/abstract/connection_specification.rb:78:in `connection'
    D:/ruby/lib/ruby/gems/1.8/gems/activerecord-2.1.1/lib/active_record/query_cache.rb:8:in `cache'
    D:/ruby/lib/ruby/gems/1.8/gems/actionpack-2.1.1/lib/action_controller/caching/sql_cache.rb:12:in `perform_action'
    D:/ruby/lib/ruby/gems/1.8/gems/actionpack-2.1.1/lib/action_controller/base.rb:529:in `send'
    D:/ruby/lib/ruby/gems/1.8/gems/actionpack-2.1.1/lib/action_controller/base.rb:529:in `process_without_filters'
    D:/ruby/lib/ruby/gems/1.8/gems/actionpack-2.1.1/lib/action_controller/filters.rb:568:in `process_without_session_management_support'
    D:/ruby/lib/ruby/gems/1.8/gems/actionpack-2.1.1/lib/action_controller/session_management.rb:130:in `process'
    D:/ruby/lib/ruby/gems/1.8/gems/actionpack-2.1.1/lib/action_controller/base.rb:389:in `process'
    D:/ruby/lib/ruby/gems/1.8/gems/actionpack-2.1.1/lib/action_controller/dispatcher.rb:149:in `handle_request'
    D:/ruby/lib/ruby/gems/1.8/gems/actionpack-2.1.1/lib/action_controller/dispatcher.rb:107:in `dispatch'
    D:/ruby/lib/ruby/1.8/thread.rb:135:in `synchronize'
    D:/ruby/lib/ruby/gems/1.8/gems/actionpack-2.1.1/lib/action_controller/dispatcher.rb:104:in `dispatch'
    D:/ruby/lib/ruby/gems/1.8/gems/actionpack-2.1.1/lib/action_controller/dispatcher.rb:120:in `dispatch_cgi'
    D:/ruby/lib/ruby/gems/1.8/gems/actionpack-2.1.1/lib/action_controller/dispatcher.rb:35:in `dispatch'
    D:/ruby/lib/ruby/gems/1.8/gems/rails-2.1.1/lib/webrick_server.rb:112:in `handle_dispatch'
    D:/ruby/lib/ruby/gems/1.8/gems/rails-2.1.1/lib/webrick_server.rb:78:in `service'
    D:/ruby/lib/ruby/1.8/webrick/httpserver.rb:104:in `service'
    D:/ruby/lib/ruby/1.8/webrick/httpserver.rb:65:in `run'
    D:/ruby/lib/ruby/1.8/webrick/server.rb:173:in `start_thread'
    D:/ruby/lib/ruby/1.8/webrick/server.rb:162:in `start'
    D:/ruby/lib/ruby/1.8/webrick/server.rb:162:in `start_thread'
    D:/ruby/lib/ruby/1.8/webrick/server.rb:95:in `start'
    D:/ruby/lib/ruby/1.8/webrick/server.rb:92:in `each'
    D:/ruby/lib/ruby/1.8/webrick/server.rb:92:in `start'
    D:/ruby/lib/ruby/1.8/webrick/server.rb:23:in `start'
    D:/ruby/lib/ruby/1.8/webrick/server.rb:82:in `start'
    D:/ruby/lib/ruby/gems/1.8/gems/rails-2.1.1/lib/webrick_server.rb:62:in `dispatch'
    D:/ruby/lib/ruby/gems/1.8/gems/rails-2.1.1/lib/commands/servers/webrick.rb:66
    D:/ruby/lib/ruby/site_ruby/1.8/rubygems/custom_require.rb:27:in `gem_original_require'
    D:/ruby/lib/ruby/site_ruby/1.8/rubygems/custom_require.rb:27:in `require'
    D:/ruby/lib/ruby/gems/1.8/gems/activesupport-2.1.1/lib/active_support/dependencies.rb:510:in `require'
    D:/ruby/lib/ruby/gems/1.8/gems/activesupport-2.1.1/lib/active_support/dependencies.rb:355:in `new_constants_in'
    D:/ruby/lib/ruby/gems/1.8/gems/activesupport-2.1.1/lib/active_support/dependencies.rb:510:in `require'
    D:/ruby/lib/ruby/gems/1.8/gems/rails-2.1.1/lib/commands/server.rb:39
    D:/ruby/lib/ruby/site_ruby/1.8/rubygems/custom_require.rb:27:in `gem_original_require'
    D:/ruby/lib/ruby/site_ruby/1.8/rubygems/custom_require.rb:27:in `require'
    script/server:3

Rendering D:/ruby/lib/ruby/gems/1.8/gems/actionpack-2.1.1/lib/action_controller/templates/rescues/layout.erb (internal_server_error)


Processing MainController#index (for 127.0.0.1 at 2008-10-24 08:00:07) [GET]
  Session ID: BAh7BiIKZmxhc2hJQzonQWN0aW9uQ29udHJvbGxlcjo6Rmxhc2g6OkZsYXNo
SGFzaHsABjoKQHVzZWR7AA==--e7b86bc7ab6ec378516e468c0073b192ba616939
  Parameters: {"action"=>"index", "controller"=>"main"}


Processing MainController#index (for 127.0.0.1 at 2008-10-24 08:00:08) [GET]
  Session ID: BAh7BiIKZmxhc2hJQzonQWN0aW9uQ29udHJvbGxlcjo6Rmxhc2g6OkZsYXNo
SGFzaHsABjoKQHVzZWR7AA==--e7b86bc7ab6ec378516e468c0073b192ba616939
  Parameters: {"action"=>"index", "controller"=>"main"}


MissingSourceFile (no such file to load -- sqlite3):
    D:/ruby/lib/ruby/site_ruby/1.8/rubygems/custom_require.rb:27:in `gem_original_require'
    D:/ruby/lib/ruby/site_ruby/1.8/rubygems/custom_require.rb:27:in `require'
    D:/ruby/lib/ruby/gems/1.8/gems/activesupport-2.1.1/lib/active_support/dependencies.rb:510:in `require'
    D:/ruby/lib/ruby/gems/1.8/gems/activesupport-2.1.1/lib/active_support/dependencies.rb:355:in `new_constants_in'
    D:/ruby/lib/ruby/gems/1.8/gems/activesupport-2.1.1/lib/active_support/dependencies.rb:510:in `require'
    D:/ruby/lib/ruby/gems/1.8/gems/activesupport-2.1.1/lib/active_support/core_ext/kernel/requires.rb:7:in `require_library_or_gem'
    D:/ruby/lib/ruby/gems/1.8/gems/activesupport-2.1.1/lib/active_support/core_ext/kernel/reporting.rb:11:in `silence_warnings'
    D:/ruby/lib/ruby/gems/1.8/gems/activesupport-2.1.1/lib/active_support/core_ext/kernel/requires.rb:5:in `require_library_or_gem'
    D:/ruby/lib/ruby/gems/1.8/gems/activerecord-2.1.1/lib/active_record/connection_adapters/sqlite3_adapter.rb:10:in `sqlite3_connection'
    D:/ruby/lib/ruby/gems/1.8/gems/activerecord-2.1.1/lib/active_record/connection_adapters/abstract/connection_specification.rb:292:in `send'
    D:/ruby/lib/ruby/gems/1.8/gems/activerecord-2.1.1/lib/active_record/connection_adapters/abstract/connection_specification.rb:292:in `connection='
    D:/ruby/lib/ruby/gems/1.8/gems/activerecord-2.1.1/lib/active_record/connection_adapters/abstract/connection_specification.rb:260:in `retrieve_connection'
    D:/ruby/lib/ruby/gems/1.8/gems/activerecord-2.1.1/lib/active_record/connection_adapters/abstract/connection_specification.rb:78:in `connection'
    D:/ruby/lib/ruby/gems/1.8/gems/activerecord-2.1.1/lib/active_record/query_cache.rb:8:in `cache'
    D:/ruby/lib/ruby/gems/1.8/gems/actionpack-2.1.1/lib/action_controller/caching/sql_cache.rb:12:in `perform_action'
    D:/ruby/lib/ruby/gems/1.8/gems/actionpack-2.1.1/lib/action_controller/base.rb:529:in `send'
    D:/ruby/lib/ruby/gems/1.8/gems/actionpack-2.1.1/lib/action_controller/base.rb:529:in `process_without_filters'
    D:/ruby/lib/ruby/gems/1.8/gems/actionpack-2.1.1/lib/action_controller/filters.rb:568:in `process_without_session_management_support'
    D:/ruby/lib/ruby/gems/1.8/gems/actionpack-2.1.1/lib/action_controller/session_management.rb:130:in `process'
    D:/ruby/lib/ruby/gems/1.8/gems/actionpack-2.1.1/lib/action_controller/base.rb:389:in `process'
    D:/ruby/lib/ruby/gems/1.8/gems/actionpack-2.1.1/lib/action_controller/dispatcher.rb:149:in `handle_request'
    D:/ruby/lib/ruby/gems/1.8/gems/actionpack-2.1.1/lib/action_controller/dispatcher.rb:107:in `dispatch'
    D:/ruby/lib/ruby/1.8/thread.rb:135:in `synchronize'
    D:/ruby/lib/ruby/gems/1.8/gems/actionpack-2.1.1/lib/action_controller/dispatcher.rb:104:in `dispatch'
    D:/ruby/lib/ruby/gems/1.8/gems/actionpack-2.1.1/lib/action_controller/dispatcher.rb:120:in `dispatch_cgi'
    D:/ruby/lib/ruby/gems/1.8/gems/actionpack-2.1.1/lib/action_controller/dispatcher.rb:35:in `dispatch'
    D:/ruby/lib/ruby/gems/1.8/gems/rails-2.1.1/lib/webrick_server.rb:112:in `handle_dispatch'
    D:/ruby/lib/ruby/gems/1.8/gems/rails-2.1.1/lib/webrick_server.rb:78:in `service'
    D:/ruby/lib/ruby/1.8/webrick/httpserver.rb:104:in `service'
    D:/ruby/lib/ruby/1.8/webrick/httpserver.rb:65:in `run'
    D:/ruby/lib/ruby/1.8/webrick/server.rb:173:in `start_thread'
    D:/ruby/lib/ruby/1.8/webrick/server.rb:162:in `start'
    D:/ruby/lib/ruby/1.8/webrick/server.rb:162:in `start_thread'
    D:/ruby/lib/ruby/1.8/webrick/server.rb:95:in `start'
    D:/ruby/lib/ruby/1.8/webrick/server.rb:92:in `each'
    D:/ruby/lib/ruby/1.8/webrick/server.rb:92:in `start'
    D:/ruby/lib/ruby/1.8/webrick/server.rb:23:in `start'
    D:/ruby/lib/ruby/1.8/webrick/server.rb:82:in `start'
    D:/ruby/lib/ruby/gems/1.8/gems/rails-2.1.1/lib/webrick_server.rb:62:in `dispatch'
    D:/ruby/lib/ruby/gems/1.8/gems/rails-2.1.1/lib/commands/servers/webrick.rb:66
    D:/ruby/lib/ruby/site_ruby/1.8/rubygems/custom_require.rb:27:in `gem_original_require'
    D:/ruby/lib/ruby/site_ruby/1.8/rubygems/custom_require.rb:27:in `require'
    D:/ruby/lib/ruby/gems/1.8/gems/activesupport-2.1.1/lib/active_support/dependencies.rb:510:in `require'
    D:/ruby/lib/ruby/gems/1.8/gems/activesupport-2.1.1/lib/active_support/dependencies.rb:355:in `new_constants_in'
    D:/ruby/lib/ruby/gems/1.8/gems/activesupport-2.1.1/lib/active_support/dependencies.rb:510:in `require'
    D:/ruby/lib/ruby/gems/1.8/gems/rails-2.1.1/lib/commands/server.rb:39
    D:/ruby/lib/ruby/site_ruby/1.8/rubygems/custom_require.rb:27:in `gem_original_require'
    D:/ruby/lib/ruby/site_ruby/1.8/rubygems/custom_require.rb:27:in `require'
    script/server:3

Rendering D:/ruby/lib/ruby/gems/1.8/gems/actionpack-2.1.1/lib/action_controller/templates/rescues/layout.erb (internal_server_error)


Processing MainController#index (for 127.0.0.1 at 2008-10-24 08:01:01) [GET]
  Session ID: BAh7BiIKZmxhc2hJQzonQWN0aW9uQ29udHJvbGxlcjo6Rmxhc2g6OkZsYXNo
SGFzaHsABjoKQHVzZWR7AA==--e7b86bc7ab6ec378516e468c0073b192ba616939
  Parameters: {"action"=>"index", "controller"=>"main"}
DEPRECATION WARNING: You're using the Ruby-based MySQL library that ships with Rails. This library will be REMOVED FROM RAILS 2.2. Please switch to the offical mysql gem: `gem install mysql`  See http://www.rubyonrails.org/deprecation for details. (called from mysql_connection at D:/ruby/lib/ruby/gems/1.8/gems/activerecord-2.1.1/lib/active_record/connection_adapters/mysql_adapter.rb:81)
  [4;36;1mSQL (0.109000)[0m   [0;1mSET SQL_AUTO_IS_NULL=0[0m
Rendering main/index
Completed in 0.11000 (9 reqs/sec) | Rendering: 0.11000 (100%) | DB: 0.10900 (99%) | 200 OK [http://localhost/main]


Processing MainController#index (for 127.0.0.1 at 2008-10-24 08:03:11) [GET]
  Session ID: BAh7BiIKZmxhc2hJQzonQWN0aW9uQ29udHJvbGxlcjo6Rmxhc2g6OkZsYXNo
SGFzaHsABjoKQHVzZWR7AA==--e7b86bc7ab6ec378516e468c0073b192ba616939
  Parameters: {"action"=>"index", "controller"=>"main"}
DEPRECATION WARNING: You're using the Ruby-based MySQL library that ships with Rails. This library will be REMOVED FROM RAILS 2.2. Please switch to the offical mysql gem: `gem install mysql`  See http://www.rubyonrails.org/deprecation for details. (called from mysql_connection at D:/ruby/lib/ruby/gems/1.8/gems/activerecord-2.1.1/lib/active_record/connection_adapters/mysql_adapter.rb:81)
  [4;36;1mSQL (0.000000)[0m   [0;1mSET SQL_AUTO_IS_NULL=0[0m
Rendering main/index
Completed in 0.01500 (66 reqs/sec) | Rendering: 0.01500 (100%) | DB: 0.00000 (0%) | 200 OK [http://localhost/main]
